app/build/outputs/logs/manifest-merger-debug-report.txt
-- Merging decision tree log ---
manifest
ADDED from src/main/AndroidManifest.xml:2:1-66:12
	package
		ADDED from src/main/AndroidManifest.xml:3:5-43
		INJECTED from src/main/AndroidManifest.xml
		INJECTED from src/main/AndroidManifest.xml
	android:versionName
		ADDED from src/main/AndroidManifest.xml:5:5-30
		INJECTED from src/main/AndroidManifest.xml
		INJECTED from src/main/AndroidManifest.xml
	android:versionCode
		ADDED from src/main/AndroidManifest.xml:4:5-28
		INJECTED from src/main/AndroidManifest.xml
		INJECTED from src/main/AndroidManifest.xml
	xmlns:android
		ADDED from src/main/AndroidManifest.xml:2:11-69
uses-sdk
ADDED from src/main/AndroidManifest.xml:7:5-9:41
	android:targetSdkVersion
		ADDED from src/main/AndroidManifest.xml:9:9-38
		INJECTED from src/main/AndroidManifest.xml
		INJECTED from src/main/AndroidManifest.xml
	android:minSdkVersion
		ADDED from src/main/AndroidManifest.xml:8:9-34
		INJECTED from src/main/AndroidManifest.xml
		INJECTED from src/main/AndroidManifest.xml
uses-permission#android.permission.MODIFY_PHONE_STATE
ADDED from src/main/AndroidManifest.xml:10:5-77
	android:name
		ADDED from src/main/AndroidManifest.xml:10:22-74
uses-permission#android.permission.READ_PHONE_STATE
ADDED from src/main/AndroidManifest.xml:11:5-75
	android:name
		ADDED from src/main/AndroidManifest.xml:11:22-72
uses-permission#android.permission.BLUETOOTH
ADDED from src/main/AndroidManifest.xml:12:5-68
	android:name
		ADDED from src/main/AndroidManifest.xml:12:22-65
uses-permission#android.permission.MODIFY_AUDIO_SETTINGS
ADDED from src/main/AndroidManifest.xml:13:5-80
	android:name
		ADDED from src/main/AndroidManifest.xml:13:22-77
uses-permission#android.permission.READ_CONTACTS
ADDED from src/main/AndroidManifest.xml:14:5-72
	android:name
		ADDED from src/main/AndroidManifest.xml:14:22-69
uses-permission#android.permission.RECEIVE_BOOT_COMPLETED
ADDED from src/main/AndroidManifest.xml:15:5-81
	android:name
		ADDED from src/main/AndroidManifest.xml:15:22-78
uses-permission#android.permission.PROCESS_INCOMING_CALLS
ADDED from src/main/AndroidManifest.xml:16:5-81
	android:name
		ADDED from src/main/AndroidManifest.xml:16:22-78
uses-permission#com.example.smartcallmanager.USE_PLUGIN
ADDED from src/main/AndroidManifest.xml:17:5-79
	android:name
		ADDED from src/main/AndroidManifest.xml:17:22-76
permission#com.example.smartcallmanager.USE_PLUGIN
ADDED from src/main/AndroidManifest.xml:19:5-22:44
	android:protectionLevel
		ADDED from src/main/AndroidManifest.xml:22:9-41
	android:permissionGroup
		ADDED from src/main/AndroidManifest.xml:21:9-71
	android:name
		ADDED from src/main/AndroidManifest.xml:20:9-63
application
ADDED from src/main/AndroidManifest.xml:24:5-64:19
	android:label
		ADDED from src/main/AndroidManifest.xml:27:9-41
	android:allowBackup
		ADDED from src/main/AndroidManifest.xml:25:9-35
	android:icon
		ADDED from src/main/AndroidManifest.xml:26:9-45
	android:theme
		ADDED from src/main/AndroidManifest.xml:28:9-62
activity#com.example.smartcallmanager.CCHPreferenceActivity
ADDED from src/main/AndroidManifest.xml:29:9-38:20
	android:label
		ADDED from src/main/AndroidManifest.xml:31:13-45
	android:name
		ADDED from src/main/AndroidManifest.xml:30:13-78
intent-filter#android.intent.action.MAIN+android.intent.category.LAUNCHER
ADDED from src/main/AndroidManifest.xml:33:13-37:29
action#android.intent.action.MAIN
ADDED from src/main/AndroidManifest.xml:34:17-69
	android:name
		ADDED from src/main/AndroidManifest.xml:34:25-66
category#android.intent.category.LAUNCHER
ADDED from src/main/AndroidManifest.xml:36:17-77
	android:name
		ADDED from src/main/AndroidManifest.xml:36:27-74
receiver#com.example.smartcallmanager.CCHTaskerReceiver
ADDED from src/main/AndroidManifest.xml:39:9-46:20
	android:enabled
		ADDED from src/main/AndroidManifest.xml:41:13-35
	android:permission
		ADDED from src/main/AndroidManifest.xml:42:13-73
	android:name
		ADDED from src/main/AndroidManifest.xml:40:13-74
intent-filter#com.example.smartcallmanager.intent.action.AUTOANSWER
ADDED from src/main/AndroidManifest.xml:43:13-45:29
action#com.example.smartcallmanager.intent.action.AUTOANSWER
ADDED from src/main/AndroidManifest.xml:44:17-96
	android:name
		ADDED from src/main/AndroidManifest.xml:44:25-93
receiver#com.example.smartcallmanager.CCHReceiver
ADDED from src/main/AndroidManifest.xml:48:9-54:20
	android:enabled
		ADDED from src/main/AndroidManifest.xml:50:13-35
	android:name
		ADDED from src/main/AndroidManifest.xml:49:13-68
intent-filter#android.intent.action.PHONE_STATE
ADDED from src/main/AndroidManifest.xml:51:13-53:29
action#android.intent.action.PHONE_STATE
ADDED from src/main/AndroidManifest.xml:52:17-76
	android:name
		ADDED from src/main/AndroidManifest.xml:52:25-73
receiver#com.example.smartcallmanager.CCHBootReceiver
ADDED from src/main/AndroidManifest.xml:55:9-61:20
	android:enabled
		ADDED from src/main/AndroidManifest.xml:57:13-35
	android:name
		ADDED from src/main/AndroidManifest.xml:56:13-72
intent-filter#android.intent.action.BOOT_COMPLETED
ADDED from src/main/AndroidManifest.xml:58:13-60:29
action#android.intent.action.BOOT_COMPLETED
ADDED from src/main/AndroidManifest.xml:59:17-79
	android:name
		ADDED from src/main/AndroidManifest.xml:59:25-76
service#com.example.smartcallmanager.CCHIntentService
ADDED from src/main/AndroidManifest.xml:63:9-52
	android:name
		ADDED from src/main/AndroidManifest.xml:63:18-49